[debug] [2022-06-07T08:44:46.331Z] ----------------------------------------------------------------------
[debug] [2022-06-07T08:44:46.332Z] Command:       /usr/local/bin/firebase /Users/jayantdahiya/.cache/firebase/tools/lib/node_modules/firebase-tools/lib/bin/firebase deploy
[debug] [2022-06-07T08:44:46.332Z] CLI Version:   10.8.0
[debug] [2022-06-07T08:44:46.333Z] Platform:      darwin
[debug] [2022-06-07T08:44:46.333Z] Node Version:  v12.18.1
[debug] [2022-06-07T08:44:46.338Z] Time:          Tue Jun 07 2022 14:14:46 GMT+0530 (India Standard Time)
[debug] [2022-06-07T08:44:46.338Z] ----------------------------------------------------------------------
[debug] 
[debug] [2022-06-07T08:44:46.394Z] > command requires scopes: ["email","openid","https://www.googleapis.com/auth/cloudplatformprojects.readonly","https://www.googleapis.com/auth/firebase","https://www.googleapis.com/auth/cloud-platform"]
[debug] [2022-06-07T08:44:46.395Z] > authorizing via signed-in user (jayantdahiya1999@gmail.com)
[debug] [2022-06-07T08:44:46.395Z] [iam] checking project anon-news for permissions ["firebase.projects.get","firebasehosting.sites.update"]
[debug] [2022-06-07T08:44:46.397Z] > refreshing access token with scopes: []
[debug] [2022-06-07T08:44:46.397Z] >>> HTTP REQUEST POST https://www.googleapis.com/oauth2/v3/token  
 <request body omitted>
[debug] [2022-06-07T08:44:46.894Z] <<< HTTP RESPONSE 200 {"expires":"Mon, 01 Jan 1990 00:00:00 GMT","pragma":"no-cache","cache-control":"no-cache, no-store, max-age=0, must-revalidate","date":"Tue, 07 Jun 2022 08:44:47 GMT","content-type":"application/json; charset=utf-8","vary":"X-Origin, Referer, Origin,Accept-Encoding","server":"scaffolding on HTTPServer2","x-xss-protection":"0","x-frame-options":"SAMEORIGIN","x-content-type-options":"nosniff","alt-svc":"h3=\":443\"; ma=2592000,h3-29=\":443\"; ma=2592000,h3-Q050=\":443\"; ma=2592000,h3-Q046=\":443\"; ma=2592000,h3-Q043=\":443\"; ma=2592000,quic=\":443\"; ma=2592000; v=\"46,43\"","accept-ranges":"none","transfer-encoding":"chunked"}
[debug] [2022-06-07T08:44:46.939Z] >>> [apiv2][query] POST https://cloudresourcemanager.googleapis.com/v1/projects/anon-news:testIamPermissions [none]
[debug] [2022-06-07T08:44:46.939Z] >>> [apiv2][body] POST https://cloudresourcemanager.googleapis.com/v1/projects/anon-news:testIamPermissions {"permissions":["firebase.projects.get","firebasehosting.sites.update"]}
[debug] [2022-06-07T08:44:49.220Z] <<< [apiv2][status] POST https://cloudresourcemanager.googleapis.com/v1/projects/anon-news:testIamPermissions 200
[debug] [2022-06-07T08:44:49.221Z] <<< [apiv2][body] POST https://cloudresourcemanager.googleapis.com/v1/projects/anon-news:testIamPermissions {"permissions":["firebase.projects.get","firebasehosting.sites.update"]}
[debug] [2022-06-07T08:44:49.223Z] >>> [apiv2][query] GET https://firebase.googleapis.com/v1beta1/projects/anon-news [none]
[debug] [2022-06-07T08:44:51.153Z] <<< [apiv2][status] GET https://firebase.googleapis.com/v1beta1/projects/anon-news 200
[debug] [2022-06-07T08:44:51.154Z] <<< [apiv2][body] GET https://firebase.googleapis.com/v1beta1/projects/anon-news {"projectId":"anon-news","projectNumber":"1010782186699","displayName":"anon-news","name":"projects/anon-news","resources":{"hostingSite":"anon-news"},"state":"ACTIVE"}
[info] 
[info] === Deploying to 'anon-news'...
[info] 
[info] i  deploying hosting 
[debug] [2022-06-07T08:44:51.160Z] >>> [apiv2][query] GET https://firebase.googleapis.com/v1beta1/projects/anon-news [none]
[debug] [2022-06-07T08:44:51.743Z] <<< [apiv2][status] GET https://firebase.googleapis.com/v1beta1/projects/anon-news 200
[debug] [2022-06-07T08:44:51.744Z] <<< [apiv2][body] GET https://firebase.googleapis.com/v1beta1/projects/anon-news {"projectId":"anon-news","projectNumber":"1010782186699","displayName":"anon-news","name":"projects/anon-news","resources":{"hostingSite":"anon-news"},"state":"ACTIVE"}
[debug] [2022-06-07T08:44:51.750Z] >>> [apiv2][query] POST https://firebasehosting.googleapis.com/v1beta1/projects/1010782186699/sites/anon-news/versions [none]
[debug] [2022-06-07T08:44:51.750Z] >>> [apiv2][body] POST https://firebasehosting.googleapis.com/v1beta1/projects/1010782186699/sites/anon-news/versions {"config":{},"labels":{"deployment-tool":"cli-firebase"}}
[debug] [2022-06-07T08:44:54.130Z] <<< [apiv2][status] POST https://firebasehosting.googleapis.com/v1beta1/projects/1010782186699/sites/anon-news/versions 200
[debug] [2022-06-07T08:44:54.130Z] <<< [apiv2][body] POST https://firebasehosting.googleapis.com/v1beta1/projects/1010782186699/sites/anon-news/versions {"name":"projects/1010782186699/sites/anon-news/versions/83eb8742c75ce35e","status":"CREATED","config":{},"labels":{"deployment-tool":"cli-firebase"}}
[info] i  hosting[anon-news]: beginning deploy... 
[info] i  hosting[anon-news]: found 12 files in build 
[debug] [2022-06-07T08:44:54.157Z] [hosting] uploading with 200 concurrency
[debug] [2022-06-07T08:44:54.388Z] [hosting] hash cache [YnVpbGQ] stored for 12 files
[debug] [2022-06-07T08:44:54.388Z] [hosting][hash queue][FINAL] {"max":222,"min":8,"avg":32.666666666666664,"active":0,"complete":12,"success":12,"errored":0,"retried":0,"total":12,"elapsed":227}
[debug] [2022-06-07T08:44:54.389Z] >>> [apiv2][query] POST https://firebasehosting.googleapis.com/v1beta1/projects/1010782186699/sites/anon-news/versions/83eb8742c75ce35e:populateFiles [none]
[debug] [2022-06-07T08:44:54.389Z] >>> [apiv2][body] POST https://firebasehosting.googleapis.com/v1beta1/projects/1010782186699/sites/anon-news/versions/83eb8742c75ce35e:populateFiles {"files":{"/asset-manifest.json":"70664f3d4ce14d05f2ad6ee0198450c8b5fdea2e80630ecd64e1b3f708ccf130","/index.html":"d08d697a4712f7925ac79325d442ff14ea4299f40dc7581b1087d8ae64db0001","/favicon.ico":"b72f7455f00e4e58792d2bca892abb068e2213838c0316d6b7a0d6d16acd1955","/manifest.json":"341d52628782f8ac9290bbfc43298afccb47b7cbfcee146ae30cf0f46bc30900","/robots.txt":"391d14b3c2f8c9143a27a28c7399585142228d4d1bdbe2c87ac946de411fa9a2","/logo512.png":"191fc21360b4ccfb1cda11a1efb97f489ed22672ca83f4064316802bbfdd750e","/logo192.png":"caff018b7f1e8fd481eb1c50d75b0ef236bcd5078b1d15c8bb348453fee30293","/static/js/main.3c9abc38.js.LICENSE.txt":"061b40aa4f9ee20bd8c357c2c3d4c5b5415cf323a1562577df8ad7984b057121","/static/css/main.54b3fdc9.css":"257a902e1deda05e0ee3acef341a99e7c371e3abdce14a9340ee9749463879be","/static/css/main.54b3fdc9.css.map":"3ebe19a5821ac74ed2e256f6902d37a8e6aec62665bcb6a77f3de00389956aa1","/static/js/main.3c9abc38.js":"4cb8772a864605b21ae0b5ad032de6df7c21414879ecd93ddb43d0e15088c351","/static/js/main.3c9abc38.js.map":"1137ae1e3d82fa70fd71ff38e3b89dc62ca4081f36fd76bb17aa3438cfb49dcf"}}
[debug] [2022-06-07T08:44:56.338Z] <<< [apiv2][status] POST https://firebasehosting.googleapis.com/v1beta1/projects/1010782186699/sites/anon-news/versions/83eb8742c75ce35e:populateFiles 200
[debug] [2022-06-07T08:44:56.339Z] <<< [apiv2][body] POST https://firebasehosting.googleapis.com/v1beta1/projects/1010782186699/sites/anon-news/versions/83eb8742c75ce35e:populateFiles {"uploadRequiredHashes":["d08d697a4712f7925ac79325d442ff14ea4299f40dc7581b1087d8ae64db0001","257a902e1deda05e0ee3acef341a99e7c371e3abdce14a9340ee9749463879be","3ebe19a5821ac74ed2e256f6902d37a8e6aec62665bcb6a77f3de00389956aa1","4cb8772a864605b21ae0b5ad032de6df7c21414879ecd93ddb43d0e15088c351","70664f3d4ce14d05f2ad6ee0198450c8b5fdea2e80630ecd64e1b3f708ccf130","1137ae1e3d82fa70fd71ff38e3b89dc62ca4081f36fd76bb17aa3438cfb49dcf"],"uploadUrl":"https://upload-firebasehosting.googleapis.com/upload/sites/anon-news/versions/83eb8742c75ce35e/files"}
[debug] [2022-06-07T08:44:56.345Z] >>> [apiv2][query] POST https://upload-firebasehosting.googleapis.com/upload/sites/anon-news/versions/83eb8742c75ce35e/files/d08d697a4712f7925ac79325d442ff14ea4299f40dc7581b1087d8ae64db0001 [none]
[debug] [2022-06-07T08:44:56.345Z] >>> [apiv2][body] POST https://upload-firebasehosting.googleapis.com/upload/sites/anon-news/versions/83eb8742c75ce35e/files/d08d697a4712f7925ac79325d442ff14ea4299f40dc7581b1087d8ae64db0001 [stream]
[debug] [2022-06-07T08:44:56.355Z] >>> [apiv2][query] POST https://upload-firebasehosting.googleapis.com/upload/sites/anon-news/versions/83eb8742c75ce35e/files/257a902e1deda05e0ee3acef341a99e7c371e3abdce14a9340ee9749463879be [none]
[debug] [2022-06-07T08:44:56.355Z] >>> [apiv2][body] POST https://upload-firebasehosting.googleapis.com/upload/sites/anon-news/versions/83eb8742c75ce35e/files/257a902e1deda05e0ee3acef341a99e7c371e3abdce14a9340ee9749463879be [stream]
[debug] [2022-06-07T08:44:56.357Z] >>> [apiv2][query] POST https://upload-firebasehosting.googleapis.com/upload/sites/anon-news/versions/83eb8742c75ce35e/files/3ebe19a5821ac74ed2e256f6902d37a8e6aec62665bcb6a77f3de00389956aa1 [none]
[debug] [2022-06-07T08:44:56.358Z] >>> [apiv2][body] POST https://upload-firebasehosting.googleapis.com/upload/sites/anon-news/versions/83eb8742c75ce35e/files/3ebe19a5821ac74ed2e256f6902d37a8e6aec62665bcb6a77f3de00389956aa1 [stream]
[debug] [2022-06-07T08:44:56.359Z] >>> [apiv2][query] POST https://upload-firebasehosting.googleapis.com/upload/sites/anon-news/versions/83eb8742c75ce35e/files/4cb8772a864605b21ae0b5ad032de6df7c21414879ecd93ddb43d0e15088c351 [none]
[debug] [2022-06-07T08:44:56.359Z] >>> [apiv2][body] POST https://upload-firebasehosting.googleapis.com/upload/sites/anon-news/versions/83eb8742c75ce35e/files/4cb8772a864605b21ae0b5ad032de6df7c21414879ecd93ddb43d0e15088c351 [stream]
[debug] [2022-06-07T08:44:56.360Z] >>> [apiv2][query] POST https://upload-firebasehosting.googleapis.com/upload/sites/anon-news/versions/83eb8742c75ce35e/files/70664f3d4ce14d05f2ad6ee0198450c8b5fdea2e80630ecd64e1b3f708ccf130 [none]
[debug] [2022-06-07T08:44:56.360Z] >>> [apiv2][body] POST https://upload-firebasehosting.googleapis.com/upload/sites/anon-news/versions/83eb8742c75ce35e/files/70664f3d4ce14d05f2ad6ee0198450c8b5fdea2e80630ecd64e1b3f708ccf130 [stream]
[debug] [2022-06-07T08:44:56.361Z] >>> [apiv2][query] POST https://upload-firebasehosting.googleapis.com/upload/sites/anon-news/versions/83eb8742c75ce35e/files/1137ae1e3d82fa70fd71ff38e3b89dc62ca4081f36fd76bb17aa3438cfb49dcf [none]
[debug] [2022-06-07T08:44:56.361Z] >>> [apiv2][body] POST https://upload-firebasehosting.googleapis.com/upload/sites/anon-news/versions/83eb8742c75ce35e/files/1137ae1e3d82fa70fd71ff38e3b89dc62ca4081f36fd76bb17aa3438cfb49dcf [stream]
[debug] [2022-06-07T08:44:56.363Z] [hosting][populate queue][FINAL] {"max":1958,"min":1958,"avg":1958,"active":0,"complete":1,"success":1,"errored":0,"retried":0,"total":1,"elapsed":1976}
[debug] [2022-06-07T08:44:56.363Z] [hosting] uploads queued: 6
[debug] [2022-06-07T08:44:58.393Z] <<< [apiv2][status] POST https://upload-firebasehosting.googleapis.com/upload/sites/anon-news/versions/83eb8742c75ce35e/files/d08d697a4712f7925ac79325d442ff14ea4299f40dc7581b1087d8ae64db0001 200
[debug] [2022-06-07T08:44:58.394Z] <<< [apiv2][body] POST https://upload-firebasehosting.googleapis.com/upload/sites/anon-news/versions/83eb8742c75ce35e/files/d08d697a4712f7925ac79325d442ff14ea4299f40dc7581b1087d8ae64db0001 [stream]
[debug] [2022-06-07T08:44:58.428Z] <<< [apiv2][status] POST https://upload-firebasehosting.googleapis.com/upload/sites/anon-news/versions/83eb8742c75ce35e/files/70664f3d4ce14d05f2ad6ee0198450c8b5fdea2e80630ecd64e1b3f708ccf130 200
[debug] [2022-06-07T08:44:58.429Z] <<< [apiv2][body] POST https://upload-firebasehosting.googleapis.com/upload/sites/anon-news/versions/83eb8742c75ce35e/files/70664f3d4ce14d05f2ad6ee0198450c8b5fdea2e80630ecd64e1b3f708ccf130 [stream]
[debug] [2022-06-07T08:44:58.533Z] <<< [apiv2][status] POST https://upload-firebasehosting.googleapis.com/upload/sites/anon-news/versions/83eb8742c75ce35e/files/257a902e1deda05e0ee3acef341a99e7c371e3abdce14a9340ee9749463879be 200
[debug] [2022-06-07T08:44:58.533Z] <<< [apiv2][body] POST https://upload-firebasehosting.googleapis.com/upload/sites/anon-news/versions/83eb8742c75ce35e/files/257a902e1deda05e0ee3acef341a99e7c371e3abdce14a9340ee9749463879be [stream]
[debug] [2022-06-07T08:44:58.619Z] <<< [apiv2][status] POST https://upload-firebasehosting.googleapis.com/upload/sites/anon-news/versions/83eb8742c75ce35e/files/3ebe19a5821ac74ed2e256f6902d37a8e6aec62665bcb6a77f3de00389956aa1 200
[debug] [2022-06-07T08:44:58.619Z] <<< [apiv2][body] POST https://upload-firebasehosting.googleapis.com/upload/sites/anon-news/versions/83eb8742c75ce35e/files/3ebe19a5821ac74ed2e256f6902d37a8e6aec62665bcb6a77f3de00389956aa1 [stream]
[debug] [2022-06-07T08:45:00.575Z] <<< [apiv2][status] POST https://upload-firebasehosting.googleapis.com/upload/sites/anon-news/versions/83eb8742c75ce35e/files/4cb8772a864605b21ae0b5ad032de6df7c21414879ecd93ddb43d0e15088c351 200
[debug] [2022-06-07T08:45:00.576Z] <<< [apiv2][body] POST https://upload-firebasehosting.googleapis.com/upload/sites/anon-news/versions/83eb8742c75ce35e/files/4cb8772a864605b21ae0b5ad032de6df7c21414879ecd93ddb43d0e15088c351 [stream]
[debug] [2022-06-07T08:45:00.821Z] <<< [apiv2][status] POST https://upload-firebasehosting.googleapis.com/upload/sites/anon-news/versions/83eb8742c75ce35e/files/1137ae1e3d82fa70fd71ff38e3b89dc62ca4081f36fd76bb17aa3438cfb49dcf 200
[debug] [2022-06-07T08:45:00.822Z] <<< [apiv2][body] POST https://upload-firebasehosting.googleapis.com/upload/sites/anon-news/versions/83eb8742c75ce35e/files/1137ae1e3d82fa70fd71ff38e3b89dc62ca4081f36fd76bb17aa3438cfb49dcf [stream]
[debug] [2022-06-07T08:45:00.822Z] [hosting][upload queue][FINAL] {"max":4478,"min":2054,"avg":2886,"active":0,"complete":6,"success":6,"errored":0,"retried":0,"total":6,"elapsed":4482}
[info] ✔  hosting[anon-news]: file upload complete 
[debug] [2022-06-07T08:45:00.825Z] [hosting] deploy completed after 6692ms
[debug] [2022-06-07T08:45:00.838Z] [
  {
    "config": {
      "public": "build",
      "ignore": [
        "firebase.json",
        "**/.*",
        "**/node_modules/**"
      ],
      "site": "anon-news"
    },
    "site": "anon-news",
    "version": "projects/1010782186699/sites/anon-news/versions/83eb8742c75ce35e"
  }
]
[info] i  hosting[anon-news]: finalizing version... 
[debug] [2022-06-07T08:45:00.841Z] >>> [apiv2][query] PATCH https://firebasehosting.googleapis.com/v1beta1/projects/1010782186699/sites/anon-news/versions/83eb8742c75ce35e updateMask=status%2Cconfig
[debug] [2022-06-07T08:45:00.842Z] >>> [apiv2][body] PATCH https://firebasehosting.googleapis.com/v1beta1/projects/1010782186699/sites/anon-news/versions/83eb8742c75ce35e {"status":"FINALIZED","config":{}}
